
PLAY [all] *********************************************************************

TASK [Gathering Facts] *********************************************************
ok: [server1]

TASK [grep for username] *******************************************************
changed: [server1]

TASK [revert config if changed] ************************************************
changed: [server1]

PLAY RECAP *********************************************************************
server1                    : ok=3    changed=2    unreachable=0    failed=0    skipped=0    rescued=0    ignored=0   


PLAY [all] *********************************************************************

TASK [Gathering Facts] *********************************************************
ok: [server1]

TASK [grep for username] *******************************************************
ok: [server1]

TASK [revert config if changed] ************************************************
changed: [server1]

PLAY RECAP *********************************************************************
server1                    : ok=3    changed=1    unreachable=0    failed=0    skipped=0    rescued=0    ignored=0   


PLAY [all] *********************************************************************

TASK [Gathering Facts] *********************************************************
ok: [server1]

TASK [grep for username] *******************************************************
ok: [server1]

TASK [revert config if changed] ************************************************
changed: [server1]

PLAY RECAP *********************************************************************
server1                    : ok=3    changed=1    unreachable=0    failed=0    skipped=0    rescued=0    ignored=0   


PLAY [all] *********************************************************************

TASK [Gathering Facts] *********************************************************
ok: [server1]

TASK [grep for username] *******************************************************
ok: [server1]

TASK [revert config if changed] ************************************************
changed: [server1]

PLAY RECAP *********************************************************************
server1                    : ok=3    changed=1    unreachable=0    failed=0    skipped=0    rescued=0    ignored=0   


PLAY [all] *********************************************************************

TASK [Gathering Facts] *********************************************************
ok: [server1]

TASK [grep for username] *******************************************************
ok: [server1]

TASK [revert config if changed] ************************************************
changed: [server1]

PLAY RECAP *********************************************************************
server1                    : ok=3    changed=1    unreachable=0    failed=0    skipped=0    rescued=0    ignored=0   


PLAY [all] *********************************************************************

TASK [Gathering Facts] *********************************************************
ok: [server1]

TASK [grep for username] *******************************************************
ok: [server1]

TASK [revert config if changed] ************************************************
changed: [server1]

PLAY RECAP *********************************************************************
server1                    : ok=3    changed=1    unreachable=0    failed=0    skipped=0    rescued=0    ignored=0   


PLAY [all] *********************************************************************

TASK [Gathering Facts] *********************************************************
ok: [server1]

TASK [grep for username] *******************************************************
ok: [server1]

TASK [revert config if changed] ************************************************
changed: [server1]

PLAY RECAP *********************************************************************
server1                    : ok=3    changed=1    unreachable=0    failed=0    skipped=0    rescued=0    ignored=0   


PLAY [all] *********************************************************************

TASK [Gathering Facts] *********************************************************
ok: [server1]

TASK [grep for username] *******************************************************
ok: [server1]

TASK [revert config if changed] ************************************************
changed: [server1]

PLAY RECAP *********************************************************************
server1                    : ok=3    changed=1    unreachable=0    failed=0    skipped=0    rescued=0    ignored=0   


PLAY [all] *********************************************************************

TASK [Gathering Facts] *********************************************************
ok: [server1]

TASK [grep for username] *******************************************************
ok: [server1]

TASK [revert config if changed] ************************************************
changed: [server1]

PLAY RECAP *********************************************************************
server1                    : ok=3    changed=1    unreachable=0    failed=0    skipped=0    rescued=0    ignored=0   


PLAY [all] *********************************************************************

TASK [Gathering Facts] *********************************************************
ok: [server1]

TASK [grep for username] *******************************************************
ok: [server1]

TASK [revert config if changed] ************************************************
changed: [server1]

PLAY RECAP *********************************************************************
server1                    : ok=3    changed=1    unreachable=0    failed=0    skipped=0    rescued=0    ignored=0   


PLAY [all] *********************************************************************

TASK [Gathering Facts] *********************************************************
ok: [server1]

TASK [grep for username] *******************************************************
ok: [server1]

TASK [revert config if changed] ************************************************
changed: [server1]

PLAY RECAP *********************************************************************
server1                    : ok=3    changed=1    unreachable=0    failed=0    skipped=0    rescued=0    ignored=0   


PLAY [all] *********************************************************************

TASK [Gathering Facts] *********************************************************
ok: [server1]

TASK [grep for username] *******************************************************
ok: [server1]

TASK [revert config if changed] ************************************************
changed: [server1]

PLAY RECAP *********************************************************************
server1                    : ok=3    changed=1    unreachable=0    failed=0    skipped=0    rescued=0    ignored=0   


PLAY [all] *********************************************************************

TASK [Gathering Facts] *********************************************************
ok: [server1]

TASK [grep for username] *******************************************************
ok: [server1]

TASK [revert config if changed] ************************************************
changed: [server1]

PLAY RECAP *********************************************************************
server1                    : ok=3    changed=1    unreachable=0    failed=0    skipped=0    rescued=0    ignored=0   


PLAY [all] *********************************************************************

TASK [Gathering Facts] *********************************************************
ok: [server1]

TASK [grep for username] *******************************************************
ok: [server1]

TASK [revert config if changed] ************************************************
changed: [server1]

PLAY RECAP *********************************************************************
server1                    : ok=3    changed=1    unreachable=0    failed=0    skipped=0    rescued=0    ignored=0   

